<?xml version="1.0" encoding="UTF-8"?>
<coverage generated="1655312605801" clover="3.2.0">
  <project timestamp="1655312605801" name="All files">
    <metrics statements="28" coveredstatements="22" conditionals="10" coveredconditionals="5" methods="14" coveredmethods="11" elements="52" coveredelements="38" complexity="0" loc="28" ncloc="28" packages="3" files="6" classes="6"/>
    <package name="navigation">
      <metrics statements="3" coveredstatements="3" conditionals="0" coveredconditionals="0" methods="1" coveredmethods="1"/>
      <file name="RootNavigation.tsx" path="C:\Users\HARSHIT TYAGI\OneDrive\Desktop\Harshit\Metafic\PositionApp\PositionApp\src\navigation\RootNavigation.tsx">
        <metrics statements="3" coveredstatements="3" conditionals="0" coveredconditionals="0" methods="1" coveredmethods="1"/>
        <line num="7" count="2" type="stmt"/>
        <line num="9" count="2" type="stmt"/>
        <line num="10" count="1" type="stmt"/>
      </file>
    </package>
    <package name="redux">
      <metrics statements="11" coveredstatements="7" conditionals="2" coveredconditionals="0" methods="4" coveredmethods="2"/>
      <file name="ReduxHooks.tsx" path="C:\Users\HARSHIT TYAGI\OneDrive\Desktop\Harshit\Metafic\PositionApp\PositionApp\src\redux\ReduxHooks.tsx">
        <metrics statements="2" coveredstatements="2" conditionals="0" coveredconditionals="0" methods="1" coveredmethods="1"/>
        <line num="5" count="4" type="stmt"/>
        <line num="6" count="4" type="stmt"/>
      </file>
      <file name="UserLocationSlice.tsx" path="C:\Users\HARSHIT TYAGI\OneDrive\Desktop\Harshit\Metafic\PositionApp\PositionApp\src\redux\UserLocationSlice.tsx">
        <metrics statements="8" coveredstatements="4" conditionals="2" coveredconditionals="0" methods="3" coveredmethods="1"/>
        <line num="16" count="4" type="stmt"/>
        <line num="25" count="4" type="stmt"/>
        <line num="31" count="0" type="cond" truecount="0" falsecount="2"/>
        <line num="32" count="0" type="stmt"/>
        <line num="41" count="0" type="stmt"/>
        <line num="42" count="0" type="stmt"/>
        <line num="47" count="1" type="stmt"/>
        <line num="53" count="4" type="stmt"/>
      </file>
      <file name="store.tsx" path="C:\Users\HARSHIT TYAGI\OneDrive\Desktop\Harshit\Metafic\PositionApp\PositionApp\src\redux\store.tsx">
        <metrics statements="1" coveredstatements="1" conditionals="0" coveredconditionals="0" methods="0" coveredmethods="0"/>
        <line num="4" count="4" type="stmt"/>
      </file>
    </package>
    <package name="screens">
      <metrics statements="14" coveredstatements="12" conditionals="8" coveredconditionals="5" methods="9" coveredmethods="8"/>
      <file name="Home.tsx" path="C:\Users\HARSHIT TYAGI\OneDrive\Desktop\Harshit\Metafic\PositionApp\PositionApp\src\screens\Home.tsx">
        <metrics statements="10" coveredstatements="8" conditionals="4" coveredconditionals="3" methods="6" coveredmethods="5"/>
        <line num="22" count="3" type="stmt"/>
        <line num="23" count="4" type="stmt"/>
        <line num="24" count="3" type="stmt"/>
        <line num="25" count="3" type="stmt"/>
        <line num="27" count="3" type="stmt"/>
        <line num="40" count="0" type="stmt"/>
        <line num="41" count="0" type="stmt"/>
        <line num="62" count="2" type="stmt"/>
        <line num="66" count="1" type="stmt"/>
        <line num="67" count="1" type="stmt"/>
      </file>
      <file name="MapScreen.tsx" path="C:\Users\HARSHIT TYAGI\OneDrive\Desktop\Harshit\Metafic\PositionApp\PositionApp\src\screens\MapScreen.tsx">
        <metrics statements="4" coveredstatements="4" conditionals="4" coveredconditionals="2" methods="3" coveredmethods="3"/>
        <line num="13" count="1" type="stmt"/>
        <line num="15" count="1" type="stmt"/>
        <line num="28" count="1" type="stmt"/>
        <line num="42" count="3" type="stmt"/>
      </file>
    </package>
  </project>
</coverage>
