{"C:\\Users\\HARSHIT TYAGI\\OneDrive\\Desktop\\Harshit\\Metafic\\PositionApp\\PositionApp\\src\\navigation\\RootNavigation.tsx": {"path":"C:\\Users\\HARSHIT TYAGI\\OneDrive\\Desktop\\Harshit\\Metafic\\PositionApp\\PositionApp\\src\\navigation\\RootNavigation.tsx","statementMap":{"0":{"start":{"line":7,"column":12},"end":{"line":7,"column":38}},"1":{"start":{"line":9,"column":23},"end":{"line":18,"column":1}},"2":{"start":{"line":10,"column":2},"end":{"line":17,"column":4}}},"fnMap":{"0":{"name":"(anonymous_0)","decl":{"start":{"line":9,"column":23},"end":{"line":9,"column":24}},"loc":{"start":{"line":9,"column":29},"end":{"line":18,"column":1}},"line":9}},"branchMap":{},"s":{"0":2,"1":2,"2":1},"f":{"0":1},"b":{},"_coverageSchema":"1a1c01bbd47fc00a2c39e90264f33305004495a9","hash":"926a91b2409a76dcdf6d6f8da49cf091d2532f63"}
,"C:\\Users\\HARSHIT TYAGI\\OneDrive\\Desktop\\Harshit\\Metafic\\PositionApp\\PositionApp\\src\\redux\\ReduxHooks.tsx": {"path":"C:\\Users\\HARSHIT TYAGI\\OneDrive\\Desktop\\Harshit\\Metafic\\PositionApp\\PositionApp\\src\\redux\\ReduxHooks.tsx","statementMap":{"0":{"start":{"line":5,"column":30},"end":{"line":5,"column":62}},"1":{"start":{"line":5,"column":36},"end":{"line":5,"column":62}},"2":{"start":{"line":6,"column":63},"end":{"line":6,"column":74}}},"fnMap":{"0":{"name":"(anonymous_0)","decl":{"start":{"line":5,"column":30},"end":{"line":5,"column":31}},"loc":{"start":{"line":5,"column":36},"end":{"line":5,"column":62}},"line":5}},"branchMap":{},"s":{"0":4,"1":4,"2":4},"f":{"0":4},"b":{},"_coverageSchema":"1a1c01bbd47fc00a2c39e90264f33305004495a9","hash":"336b6f948f854527ca30ca04c5fbacffbe368ff5"}
,"C:\\Users\\HARSHIT TYAGI\\OneDrive\\Desktop\\Harshit\\Metafic\\PositionApp\\PositionApp\\src\\redux\\store.tsx": {"path":"C:\\Users\\HARSHIT TYAGI\\OneDrive\\Desktop\\Harshit\\Metafic\\PositionApp\\PositionApp\\src\\redux\\store.tsx","statementMap":{"0":{"start":{"line":4,"column":21},"end":{"line":8,"column":2}}},"fnMap":{},"branchMap":{},"s":{"0":4},"f":{},"b":{},"_coverageSchema":"1a1c01bbd47fc00a2c39e90264f33305004495a9","hash":"b6bcc484588642a7efd5331b270f110e46b1119c"}
,"C:\\Users\\HARSHIT TYAGI\\OneDrive\\Desktop\\Harshit\\Metafic\\PositionApp\\PositionApp\\src\\screens\\Home.tsx": {"path":"C:\\Users\\HARSHIT TYAGI\\OneDrive\\Desktop\\Harshit\\Metafic\\PositionApp\\PositionApp\\src\\screens\\Home.tsx","statementMap":{"0":{"start":{"line":22,"column":13},"end":{"line":97,"column":1}},"1":{"start":{"line":23,"column":15},"end":{"line":23,"column":52}},"2":{"start":{"line":23,"column":41},"end":{"line":23,"column":51}},"3":{"start":{"line":24,"column":19},"end":{"line":24,"column":35}},"4":{"start":{"line":25,"column":26},"end":{"line":25,"column":56}},"5":{"start":{"line":25,"column":50},"end":{"line":25,"column":55}},"6":{"start":{"line":27,"column":2},"end":{"line":96,"column":4}},"7":{"start":{"line":40,"column":12},"end":{"line":40,"column":42}},"8":{"start":{"line":41,"column":12},"end":{"line":41,"column":26}},"9":{"start":{"line":62,"column":12},"end":{"line":91,"column":14}},"10":{"start":{"line":66,"column":18},"end":{"line":66,"column":57}},"11":{"start":{"line":67,"column":18},"end":{"line":67,"column":32}}},"fnMap":{"0":{"name":"(anonymous_0)","decl":{"start":{"line":22,"column":13},"end":{"line":22,"column":14}},"loc":{"start":{"line":22,"column":19},"end":{"line":97,"column":1}},"line":22},"1":{"name":"(anonymous_1)","decl":{"start":{"line":23,"column":30},"end":{"line":23,"column":31}},"loc":{"start":{"line":23,"column":41},"end":{"line":23,"column":51}},"line":23},"2":{"name":"(anonymous_2)","decl":{"start":{"line":25,"column":43},"end":{"line":25,"column":44}},"loc":{"start":{"line":25,"column":50},"end":{"line":25,"column":55}},"line":25},"3":{"name":"(anonymous_3)","decl":{"start":{"line":39,"column":19},"end":{"line":39,"column":20}},"loc":{"start":{"line":39,"column":25},"end":{"line":42,"column":11}},"line":39},"4":{"name":"(anonymous_4)","decl":{"start":{"line":61,"column":22},"end":{"line":61,"column":23}},"loc":{"start":{"line":61,"column":79},"end":{"line":92,"column":11}},"line":61},"5":{"name":"(anonymous_5)","decl":{"start":{"line":65,"column":25},"end":{"line":65,"column":26}},"loc":{"start":{"line":65,"column":31},"end":{"line":68,"column":17}},"line":65}},"branchMap":{"0":{"loc":{"start":{"line":76,"column":20},"end":{"line":76,"column":69}},"type":"cond-expr","locations":[{"start":{"line":76,"column":62},"end":{"line":76,"column":65}},{"start":{"line":76,"column":68},"end":{"line":76,"column":69}}],"line":76},"1":{"loc":{"start":{"line":76,"column":20},"end":{"line":76,"column":59}},"type":"binary-expr","locations":[{"start":{"line":76,"column":20},"end":{"line":76,"column":31}},{"start":{"line":76,"column":35},"end":{"line":76,"column":59}}],"line":76}},"s":{"0":3,"1":3,"2":4,"3":3,"4":3,"5":1,"6":3,"7":0,"8":0,"9":2,"10":1,"11":1},"f":{"0":3,"1":4,"2":1,"3":0,"4":2,"5":1},"b":{"0":[2,0],"1":[2,2]},"_coverageSchema":"1a1c01bbd47fc00a2c39e90264f33305004495a9","hash":"4cf032988446bd56ff8a3552285b19ff2200dc3a"}
,"C:\\Users\\HARSHIT TYAGI\\OneDrive\\Desktop\\Harshit\\Metafic\\PositionApp\\PositionApp\\src\\screens\\LocationScreen.tsx": {"path":"C:\\Users\\HARSHIT TYAGI\\OneDrive\\Desktop\\Harshit\\Metafic\\PositionApp\\PositionApp\\src\\screens\\LocationScreen.tsx","statementMap":{"0":{"start":{"line":9,"column":15},"end":{"line":9,"column":52}},"1":{"start":{"line":9,"column":41},"end":{"line":9,"column":51}},"2":{"start":{"line":10,"column":19},"end":{"line":10,"column":35}},"3":{"start":{"line":11,"column":22},"end":{"line":11,"column":26}},"4":{"start":{"line":12,"column":26},"end":{"line":12,"column":41}},"5":{"start":{"line":14,"column":2},"end":{"line":16,"column":13}},"6":{"start":{"line":15,"column":4},"end":{"line":15,"column":18}},"7":{"start":{"line":71,"column":2},"end":{"line":75,"column":4}},"8":{"start":{"line":78,"column":15},"end":{"line":92,"column":2}}},"fnMap":{"0":{"name":"App","decl":{"start":{"line":8,"column":24},"end":{"line":8,"column":27}},"loc":{"start":{"line":8,"column":30},"end":{"line":76,"column":1}},"line":8},"1":{"name":"(anonymous_1)","decl":{"start":{"line":9,"column":30},"end":{"line":9,"column":31}},"loc":{"start":{"line":9,"column":41},"end":{"line":9,"column":51}},"line":9},"2":{"name":"(anonymous_2)","decl":{"start":{"line":14,"column":12},"end":{"line":14,"column":13}},"loc":{"start":{"line":14,"column":18},"end":{"line":16,"column":3}},"line":14}},"branchMap":{},"s":{"0":1,"1":1,"2":1,"3":1,"4":1,"5":1,"6":1,"7":1,"8":2},"f":{"0":1,"1":1,"2":1},"b":{},"_coverageSchema":"1a1c01bbd47fc00a2c39e90264f33305004495a9","hash":"703d604a637912133151efd0505b3a588439eee2"}
,"C:\\Users\\HARSHIT TYAGI\\OneDrive\\Desktop\\Harshit\\Metafic\\PositionApp\\PositionApp\\src\\screens\\MapScreen.tsx": {"path":"C:\\Users\\HARSHIT TYAGI\\OneDrive\\Desktop\\Harshit\\Metafic\\PositionApp\\PositionApp\\src\\screens\\MapScreen.tsx","statementMap":{"0":{"start":{"line":13,"column":15},"end":{"line":13,"column":52}},"1":{"start":{"line":13,"column":41},"end":{"line":13,"column":51}},"2":{"start":{"line":15,"column":2},"end":{"line":39,"column":4}},"3":{"start":{"line":28,"column":10},"end":{"line":35,"column":12}},"4":{"start":{"line":42,"column":15},"end":{"line":53,"column":2}}},"fnMap":{"0":{"name":"App","decl":{"start":{"line":12,"column":24},"end":{"line":12,"column":27}},"loc":{"start":{"line":12,"column":30},"end":{"line":40,"column":1}},"line":12},"1":{"name":"(anonymous_1)","decl":{"start":{"line":13,"column":30},"end":{"line":13,"column":31}},"loc":{"start":{"line":13,"column":41},"end":{"line":13,"column":51}},"line":13},"2":{"name":"(anonymous_2)","decl":{"start":{"line":27,"column":18},"end":{"line":27,"column":19}},"loc":{"start":{"line":27,"column":35},"end":{"line":36,"column":9}},"line":27}},"branchMap":{"0":{"loc":{"start":{"line":21,"column":20},"end":{"line":21,"column":46}},"type":"binary-expr","locations":[{"start":{"line":21,"column":20},"end":{"line":21,"column":34}},{"start":{"line":21,"column":38},"end":{"line":21,"column":46}}],"line":21},"1":{"loc":{"start":{"line":22,"column":21},"end":{"line":22,"column":49}},"type":"binary-expr","locations":[{"start":{"line":22,"column":21},"end":{"line":22,"column":36}},{"start":{"line":22,"column":40},"end":{"line":22,"column":49}}],"line":22}},"s":{"0":1,"1":1,"2":1,"3":1,"4":3},"f":{"0":1,"1":1,"2":1},"b":{"0":[1,0],"1":[1,0]},"_coverageSchema":"1a1c01bbd47fc00a2c39e90264f33305004495a9","hash":"e4ee1094c37131384a29736530ace42a9ba9a204"}
}
