{"C:\\Users\\WiseMan\\OneDrive\\Desktop\\Harshit\\PositionApp\\src\\navigation\\RootNavigation.tsx": {"path":"C:\\Users\\WiseMan\\OneDrive\\Desktop\\Harshit\\PositionApp\\src\\navigation\\RootNavigation.tsx","statementMap":{"0":{"start":{"line":8,"column":12},"end":{"line":8,"column":38}},"1":{"start":{"line":10,"column":21},"end":{"line":19,"column":1}},"2":{"start":{"line":11,"column":2},"end":{"line":18,"column":4}}},"fnMap":{"0":{"name":"(anonymous_0)","decl":{"start":{"line":10,"column":21},"end":{"line":10,"column":22}},"loc":{"start":{"line":10,"column":26},"end":{"line":19,"column":1}},"line":10}},"branchMap":{},"s":{"0":2,"1":2,"2":1},"f":{"0":1},"b":{},"_coverageSchema":"1a1c01bbd47fc00a2c39e90264f33305004495a9","hash":"eff485c5d7369ae0baf1bb21e17e853b753a0f7d"}
,"C:\\Users\\WiseMan\\OneDrive\\Desktop\\Harshit\\PositionApp\\src\\redux\\ReduxHooks.tsx": {"path":"C:\\Users\\WiseMan\\OneDrive\\Desktop\\Harshit\\PositionApp\\src\\redux\\ReduxHooks.tsx","statementMap":{"0":{"start":{"line":5,"column":30},"end":{"line":5,"column":62}},"1":{"start":{"line":5,"column":36},"end":{"line":5,"column":62}},"2":{"start":{"line":6,"column":63},"end":{"line":6,"column":74}}},"fnMap":{"0":{"name":"(anonymous_0)","decl":{"start":{"line":5,"column":30},"end":{"line":5,"column":31}},"loc":{"start":{"line":5,"column":36},"end":{"line":5,"column":62}},"line":5}},"branchMap":{},"s":{"0":3,"1":3,"2":3},"f":{"0":3},"b":{},"_coverageSchema":"1a1c01bbd47fc00a2c39e90264f33305004495a9","hash":"cc8f3c517bf0ca18f5b33d8c63ae6711f0a6bd17"}
,"C:\\Users\\WiseMan\\OneDrive\\Desktop\\Harshit\\PositionApp\\src\\redux\\UserLocationSlice.tsx": {"path":"C:\\Users\\WiseMan\\OneDrive\\Desktop\\Harshit\\PositionApp\\src\\redux\\UserLocationSlice.tsx","statementMap":{"0":{"start":{"line":19,"column":36},"end":{"line":19,"column":38}},"1":{"start":{"line":21,"column":25},"end":{"line":44,"column":2}},"2":{"start":{"line":28,"column":5},"end":{"line":31,"column":28}},"3":{"start":{"line":35,"column":4},"end":{"line":35,"column":12}},"4":{"start":{"line":41,"column":4},"end":{"line":41,"column":35}},"5":{"start":{"line":46,"column":73},"end":{"line":46,"column":90}}},"fnMap":{"0":{"name":"(anonymous_0)","decl":{"start":{"line":25,"column":17},"end":{"line":25,"column":18}},"loc":{"start":{"line":25,"column":60},"end":{"line":32,"column":5}},"line":25},"1":{"name":"(anonymous_1)","decl":{"start":{"line":33,"column":23},"end":{"line":33,"column":24}},"loc":{"start":{"line":33,"column":34},"end":{"line":37,"column":5}},"line":33},"2":{"name":"(anonymous_2)","decl":{"start":{"line":39,"column":27},"end":{"line":39,"column":28}},"loc":{"start":{"line":39,"column":69},"end":{"line":42,"column":5}},"line":39}},"branchMap":{},"s":{"0":3,"1":3,"2":0,"3":0,"4":0,"5":3},"f":{"0":0,"1":0,"2":0},"b":{},"_coverageSchema":"1a1c01bbd47fc00a2c39e90264f33305004495a9","hash":"5273e0d7491e0666c5cbfd590d777e00c0d03b43"}
,"C:\\Users\\WiseMan\\OneDrive\\Desktop\\Harshit\\PositionApp\\src\\redux\\store.tsx": {"path":"C:\\Users\\WiseMan\\OneDrive\\Desktop\\Harshit\\PositionApp\\src\\redux\\store.tsx","statementMap":{"0":{"start":{"line":4,"column":21},"end":{"line":8,"column":2}}},"fnMap":{},"branchMap":{},"s":{"0":3},"f":{},"b":{},"_coverageSchema":"1a1c01bbd47fc00a2c39e90264f33305004495a9","hash":"4f6ad78a83924ca62d9c6b039a4818b5e29f5025"}
,"C:\\Users\\WiseMan\\OneDrive\\Desktop\\Harshit\\PositionApp\\src\\screens\\Home.tsx": {"path":"C:\\Users\\WiseMan\\OneDrive\\Desktop\\Harshit\\PositionApp\\src\\screens\\Home.tsx","statementMap":{"0":{"start":{"line":12,"column":12},"end":{"line":60,"column":1}},"1":{"start":{"line":13,"column":15},"end":{"line":13,"column":52}},"2":{"start":{"line":13,"column":41},"end":{"line":13,"column":51}},"3":{"start":{"line":14,"column":19},"end":{"line":14,"column":35}},"4":{"start":{"line":15,"column":23},"end":{"line":15,"column":47}},"5":{"start":{"line":15,"column":43},"end":{"line":15,"column":46}},"6":{"start":{"line":17,"column":19},"end":{"line":40,"column":3}},"7":{"start":{"line":18,"column":2},"end":{"line":39,"column":5}},"8":{"start":{"line":18,"column":17},"end":{"line":36,"column":5}},"9":{"start":{"line":21,"column":20},"end":{"line":21,"column":58}},"10":{"start":{"line":22,"column":8},"end":{"line":22,"column":19}},"11":{"start":{"line":38,"column":6},"end":{"line":38,"column":11}},"12":{"start":{"line":42,"column":2},"end":{"line":59,"column":3}},"13":{"start":{"line":49,"column":94},"end":{"line":49,"column":123}},"14":{"start":{"line":50,"column":8},"end":{"line":50,"column":21}},"15":{"start":{"line":56,"column":103},"end":{"line":56,"column":125}}},"fnMap":{"0":{"name":"(anonymous_0)","decl":{"start":{"line":12,"column":12},"end":{"line":12,"column":13}},"loc":{"start":{"line":12,"column":17},"end":{"line":60,"column":1}},"line":12},"1":{"name":"(anonymous_1)","decl":{"start":{"line":13,"column":30},"end":{"line":13,"column":31}},"loc":{"start":{"line":13,"column":41},"end":{"line":13,"column":51}},"line":13},"2":{"name":"(anonymous_2)","decl":{"start":{"line":15,"column":40},"end":{"line":15,"column":41}},"loc":{"start":{"line":15,"column":43},"end":{"line":15,"column":46}},"line":15},"3":{"name":"(anonymous_3)","decl":{"start":{"line":17,"column":19},"end":{"line":17,"column":20}},"loc":{"start":{"line":17,"column":50},"end":{"line":40,"column":3}},"line":17},"4":{"name":"(anonymous_4)","decl":{"start":{"line":21,"column":15},"end":{"line":21,"column":16}},"loc":{"start":{"line":21,"column":19},"end":{"line":22,"column":20}},"line":21},"5":{"name":"(anonymous_5)","decl":{"start":{"line":49,"column":89},"end":{"line":49,"column":90}},"loc":{"start":{"line":49,"column":93},"end":{"line":51,"column":9}},"line":49},"6":{"name":"(anonymous_6)","decl":{"start":{"line":56,"column":57},"end":{"line":56,"column":58}},"loc":{"start":{"line":56,"column":103},"end":{"line":56,"column":125}},"line":56}},"branchMap":{"0":{"loc":{"start":{"line":18,"column":2},"end":{"line":39,"column":5}},"type":"if","locations":[{"start":{"line":18,"column":2},"end":{"line":39,"column":5}},{"start":{"line":37,"column":8},"end":{"line":39,"column":5}}],"line":18},"1":{"loc":{"start":{"line":22,"column":116},"end":{"line":22,"column":152}},"type":"cond-expr","locations":[{"start":{"line":22,"column":148},"end":{"line":22,"column":150}},{"start":{"line":22,"column":151},"end":{"line":22,"column":152}}],"line":22},"2":{"loc":{"start":{"line":22,"column":116},"end":{"line":22,"column":147}},"type":"binary-expr","locations":[{"start":{"line":22,"column":116},"end":{"line":22,"column":125}},{"start":{"line":22,"column":127},"end":{"line":22,"column":147}}],"line":22}},"s":{"0":3,"1":2,"2":2,"3":2,"4":2,"5":0,"6":2,"7":0,"8":0,"9":0,"10":0,"11":0,"12":2,"13":0,"14":0,"15":0},"f":{"0":2,"1":2,"2":0,"3":0,"4":0,"5":0,"6":0},"b":{"0":[0,0],"1":[0,0],"2":[0,0]},"_coverageSchema":"1a1c01bbd47fc00a2c39e90264f33305004495a9","hash":"e60990430f244a3197c608863c489f5b1ec75c8d"}
,"C:\\Users\\WiseMan\\OneDrive\\Desktop\\Harshit\\PositionApp\\src\\screens\\LocationScreen.tsx": {"path":"C:\\Users\\WiseMan\\OneDrive\\Desktop\\Harshit\\PositionApp\\src\\screens\\LocationScreen.tsx","statementMap":{"0":{"start":{"line":10,"column":27},"end":{"line":10,"column":47}},"1":{"start":{"line":11,"column":33},"end":{"line":11,"column":37}},"2":{"start":{"line":12,"column":0},"end":{"line":25,"column":2}},"3":{"start":{"line":13,"column":2},"end":{"line":16,"column":3}},"4":{"start":{"line":14,"column":4},"end":{"line":14,"column":24}},"5":{"start":{"line":15,"column":4},"end":{"line":15,"column":10}},"6":{"start":{"line":17,"column":2},"end":{"line":24,"column":3}},"7":{"start":{"line":19,"column":26},"end":{"line":19,"column":30}},"8":{"start":{"line":20,"column":21},"end":{"line":20,"column":33}},"9":{"start":{"line":21,"column":4},"end":{"line":23,"column":5}},"10":{"start":{"line":22,"column":6},"end":{"line":22,"column":60}},"11":{"start":{"line":27,"column":34},"end":{"line":27,"column":48}},"12":{"start":{"line":28,"column":26},"end":{"line":28,"column":42}},"13":{"start":{"line":29,"column":19},"end":{"line":29,"column":35}},"14":{"start":{"line":30,"column":22},"end":{"line":30,"column":28}},"15":{"start":{"line":32,"column":2},"end":{"line":50,"column":8}},"16":{"start":{"line":33,"column":31},"end":{"line":36,"column":5}},"17":{"start":{"line":34,"column":25},"end":{"line":34,"column":75}},"18":{"start":{"line":35,"column":6},"end":{"line":35,"column":80}},"19":{"start":{"line":35,"column":30},"end":{"line":35,"column":80}},"20":{"start":{"line":37,"column":4},"end":{"line":37,"column":24}},"21":{"start":{"line":39,"column":4},"end":{"line":39,"column":28}},"22":{"start":{"line":40,"column":21},"end":{"line":47,"column":19}},"23":{"start":{"line":41,"column":6},"end":{"line":44,"column":7}},"24":{"start":{"line":43,"column":8},"end":{"line":43,"column":104}},"25":{"start":{"line":49,"column":4},"end":{"line":49,"column":41}},"26":{"start":{"line":49,"column":17},"end":{"line":49,"column":40}},"27":{"start":{"line":53,"column":32},"end":{"line":79,"column":3}},"28":{"start":{"line":55,"column":24},"end":{"line":55,"column":70}},"29":{"start":{"line":56,"column":4},"end":{"line":59,"column":5}},"30":{"start":{"line":57,"column":6},"end":{"line":57,"column":45}},"31":{"start":{"line":58,"column":6},"end":{"line":58,"column":12}},"32":{"start":{"line":62,"column":4},"end":{"line":62,"column":36}},"33":{"start":{"line":65,"column":4},"end":{"line":78,"column":5}},"34":{"start":{"line":71,"column":8},"end":{"line":71,"column":36}},"35":{"start":{"line":72,"column":19},"end":{"line":72,"column":47}},"36":{"start":{"line":73,"column":8},"end":{"line":76,"column":9}},"37":{"start":{"line":75,"column":11},"end":{"line":75,"column":24}},"38":{"start":{"line":83,"column":2},"end":{"line":87,"column":3}},"39":{"start":{"line":90,"column":15},"end":{"line":105,"column":2}}},"fnMap":{"0":{"name":"(anonymous_0)","decl":{"start":{"line":12,"column":43},"end":{"line":12,"column":44}},"loc":{"start":{"line":12,"column":70},"end":{"line":25,"column":1}},"line":12},"1":{"name":"App","decl":{"start":{"line":26,"column":24},"end":{"line":26,"column":27}},"loc":{"start":{"line":26,"column":30},"end":{"line":88,"column":1}},"line":26},"2":{"name":"(anonymous_2)","decl":{"start":{"line":32,"column":12},"end":{"line":32,"column":13}},"loc":{"start":{"line":32,"column":18},"end":{"line":50,"column":3}},"line":32},"3":{"name":"(anonymous_3)","decl":{"start":{"line":33,"column":31},"end":{"line":33,"column":32}},"loc":{"start":{"line":33,"column":43},"end":{"line":36,"column":5}},"line":33},"4":{"name":"(anonymous_4)","decl":{"start":{"line":40,"column":33},"end":{"line":40,"column":34}},"loc":{"start":{"line":40,"column":39},"end":{"line":47,"column":5}},"line":40},"5":{"name":"(anonymous_5)","decl":{"start":{"line":49,"column":11},"end":{"line":49,"column":12}},"loc":{"start":{"line":49,"column":17},"end":{"line":49,"column":40}},"line":49},"6":{"name":"(anonymous_6)","decl":{"start":{"line":53,"column":32},"end":{"line":53,"column":33}},"loc":{"start":{"line":53,"column":44},"end":{"line":79,"column":3}},"line":53},"7":{"name":"(anonymous_7)","decl":{"start":{"line":70,"column":6},"end":{"line":70,"column":7}},"loc":{"start":{"line":70,"column":18},"end":{"line":77,"column":7}},"line":70}},"branchMap":{"0":{"loc":{"start":{"line":13,"column":2},"end":{"line":16,"column":3}},"type":"if","locations":[{"start":{"line":13,"column":2},"end":{"line":16,"column":3}},{"start":{},"end":{}}],"line":13},"1":{"loc":{"start":{"line":17,"column":2},"end":{"line":24,"column":3}},"type":"if","locations":[{"start":{"line":17,"column":2},"end":{"line":24,"column":3}},{"start":{},"end":{}}],"line":17},"2":{"loc":{"start":{"line":21,"column":4},"end":{"line":23,"column":5}},"type":"if","locations":[{"start":{"line":21,"column":4},"end":{"line":23,"column":5}},{"start":{},"end":{}}],"line":21},"3":{"loc":{"start":{"line":35,"column":6},"end":{"line":35,"column":80}},"type":"if","locations":[{"start":{"line":35,"column":6},"end":{"line":35,"column":80}},{"start":{},"end":{}}],"line":35},"4":{"loc":{"start":{"line":41,"column":6},"end":{"line":44,"column":7}},"type":"if","locations":[{"start":{"line":41,"column":6},"end":{"line":44,"column":7}},{"start":{},"end":{}}],"line":41},"5":{"loc":{"start":{"line":43,"column":39},"end":{"line":43,"column":60}},"type":"binary-expr","locations":[{"start":{"line":43,"column":39},"end":{"line":43,"column":57}},{"start":{"line":43,"column":59},"end":{"line":43,"column":60}}],"line":43},"6":{"loc":{"start":{"line":43,"column":71},"end":{"line":43,"column":93}},"type":"binary-expr","locations":[{"start":{"line":43,"column":71},"end":{"line":43,"column":90}},{"start":{"line":43,"column":92},"end":{"line":43,"column":93}}],"line":43},"7":{"loc":{"start":{"line":56,"column":4},"end":{"line":59,"column":5}},"type":"if","locations":[{"start":{"line":56,"column":4},"end":{"line":59,"column":5}},{"start":{},"end":{}}],"line":56},"8":{"loc":{"start":{"line":73,"column":8},"end":{"line":76,"column":9}},"type":"if","locations":[{"start":{"line":73,"column":8},"end":{"line":76,"column":9}},{"start":{},"end":{}}],"line":73}},"s":{"0":2,"1":2,"2":2,"3":0,"4":0,"5":0,"6":0,"7":0,"8":0,"9":0,"10":0,"11":1,"12":1,"13":1,"14":1,"15":1,"16":1,"17":1,"18":1,"19":0,"20":1,"21":1,"22":1,"23":0,"24":0,"25":1,"26":1,"27":1,"28":1,"29":0,"30":0,"31":0,"32":0,"33":0,"34":0,"35":0,"36":0,"37":0,"38":1,"39":2},"f":{"0":0,"1":1,"2":1,"3":1,"4":0,"5":1,"6":1,"7":0},"b":{"0":[0,0],"1":[0,0],"2":[0,0],"3":[0,0],"4":[0,0],"5":[0,0],"6":[0,0],"7":[0,0],"8":[0,0]},"_coverageSchema":"1a1c01bbd47fc00a2c39e90264f33305004495a9","hash":"fed44d9798f25380c6771121d250d791d6749e2b"}
,"C:\\Users\\WiseMan\\OneDrive\\Desktop\\Harshit\\PositionApp\\src\\screens\\MapScreen.tsx": {"path":"C:\\Users\\WiseMan\\OneDrive\\Desktop\\Harshit\\PositionApp\\src\\screens\\MapScreen.tsx","statementMap":{"0":{"start":{"line":13,"column":15},"end":{"line":13,"column":52}},"1":{"start":{"line":13,"column":41},"end":{"line":13,"column":51}},"2":{"start":{"line":14,"column":19},"end":{"line":14,"column":35}},"3":{"start":{"line":17,"column":19},"end":{"line":28,"column":3}},"4":{"start":{"line":18,"column":4},"end":{"line":18,"column":30}},"5":{"start":{"line":19,"column":4},"end":{"line":27,"column":5}},"6":{"start":{"line":20,"column":4},"end":{"line":27,"column":5}},"7":{"start":{"line":29,"column":2},"end":{"line":44,"column":4}},"8":{"start":{"line":40,"column":15},"end":{"line":40,"column":45}},"9":{"start":{"line":47,"column":15},"end":{"line":58,"column":2}}},"fnMap":{"0":{"name":"App","decl":{"start":{"line":12,"column":24},"end":{"line":12,"column":27}},"loc":{"start":{"line":12,"column":30},"end":{"line":45,"column":1}},"line":12},"1":{"name":"(anonymous_1)","decl":{"start":{"line":13,"column":30},"end":{"line":13,"column":31}},"loc":{"start":{"line":13,"column":41},"end":{"line":13,"column":51}},"line":13},"2":{"name":"(anonymous_2)","decl":{"start":{"line":17,"column":19},"end":{"line":17,"column":20}},"loc":{"start":{"line":17,"column":50},"end":{"line":28,"column":3}},"line":17},"3":{"name":"(anonymous_3)","decl":{"start":{"line":39,"column":20},"end":{"line":39,"column":21}},"loc":{"start":{"line":39,"column":34},"end":{"line":41,"column":11}},"line":39}},"branchMap":{"0":{"loc":{"start":{"line":19,"column":4},"end":{"line":27,"column":5}},"type":"if","locations":[{"start":{"line":19,"column":4},"end":{"line":27,"column":5}},{"start":{},"end":{}}],"line":19},"1":{"loc":{"start":{"line":33,"column":23},"end":{"line":33,"column":48}},"type":"binary-expr","locations":[{"start":{"line":33,"column":23},"end":{"line":33,"column":37}},{"start":{"line":33,"column":40},"end":{"line":33,"column":48}}],"line":33},"2":{"loc":{"start":{"line":34,"column":24},"end":{"line":34,"column":51}},"type":"binary-expr","locations":[{"start":{"line":34,"column":24},"end":{"line":34,"column":39}},{"start":{"line":34,"column":42},"end":{"line":34,"column":51}}],"line":34}},"s":{"0":0,"1":0,"2":0,"3":0,"4":0,"5":0,"6":0,"7":0,"8":0,"9":2},"f":{"0":0,"1":0,"2":0,"3":0},"b":{"0":[0,0],"1":[0,0],"2":[0,0]},"_coverageSchema":"1a1c01bbd47fc00a2c39e90264f33305004495a9","hash":"a58742ac73dc28b875c93670846a0131fe97686d"}
}
